INFO 2023-07-05 11:54:41,702 User successfully authenticated
INFO 2023-07-05 11:54:41,704 "POST /login HTTP/1.1" 200 406
INFO 2023-07-05 11:55:00,202 User successfully authenticated
INFO 2023-07-05 11:55:00,204 "POST /login HTTP/1.1" 200 406
ERROR 2023-07-05 11:55:13,904 {'hall_ticket': [ErrorDetail(string='user with this hall ticket already exists.', code='unique')]}
WARNING 2023-07-05 11:55:13,904 Bad Request: /reg
WARNING 2023-07-05 11:55:13,905 "POST /reg HTTP/1.1" 400 63
INFO 2023-07-05 11:56:00,721 D:\new code\projectsql\app\views.py changed, reloading.
INFO 2023-07-05 11:56:01,947 Watching for file changes with StatReloader
INFO 2023-07-05 11:56:11,519 Watching for file changes with StatReloader
INFO 2023-07-05 11:56:14,892 D:\new code\projectsql\app\views.py changed, reloading.
INFO 2023-07-05 11:56:16,132 Watching for file changes with StatReloader
ERROR 2023-07-05 11:56:16,942 hall ticket already exists
WARNING 2023-07-05 11:56:16,943 Bad Request: /reg
WARNING 2023-07-05 11:56:16,944 "POST /reg HTTP/1.1" 400 63
INFO 2023-07-05 11:57:25,145 D:\new code\projectsql\app\views.py changed, reloading.
INFO 2023-07-05 11:57:26,299 Watching for file changes with StatReloader
INFO 2023-07-05 11:57:40,711 D:\new code\projectsql\app\views.py changed, reloading.
INFO 2023-07-05 11:57:41,861 Watching for file changes with StatReloader
INFO 2023-07-05 11:57:44,077 D:\new code\projectsql\app\views.py changed, reloading.
INFO 2023-07-05 11:57:45,408 Watching for file changes with StatReloader
INFO 2023-07-05 11:57:52,094 D:\new code\projectsql\app\views.py changed, reloading.
INFO 2023-07-05 11:57:53,236 Watching for file changes with StatReloader
INFO 2023-07-05 11:57:57,020 D:\new code\projectsql\app\views.py changed, reloading.
INFO 2023-07-05 11:57:58,432 Watching for file changes with StatReloader
INFO 2023-07-05 11:58:03,015 D:\new code\projectsql\app\views.py changed, reloading.
INFO 2023-07-05 11:58:04,170 Watching for file changes with StatReloader
INFO 2023-07-05 11:58:11,878 D:\new code\projectsql\app\views.py changed, reloading.
INFO 2023-07-05 11:58:12,995 Watching for file changes with StatReloader
INFO 2023-07-05 11:58:17,621 D:\new code\projectsql\app\views.py changed, reloading.
INFO 2023-07-05 11:58:18,707 Watching for file changes with StatReloader
INFO 2023-07-05 11:58:23,230 D:\new code\projectsql\app\views.py changed, reloading.
INFO 2023-07-05 11:58:24,821 Watching for file changes with StatReloader
INFO 2023-07-05 11:58:27,255 D:\new code\projectsql\app\views.py changed, reloading.
INFO 2023-07-05 11:58:28,632 Watching for file changes with StatReloader
INFO 2023-07-05 12:00:11,331 D:\new code\projectsql\app\views.py changed, reloading.
INFO 2023-07-05 12:00:12,467 Watching for file changes with StatReloader
INFO 2023-07-05 12:00:15,872 D:\new code\projectsql\app\views.py changed, reloading.
INFO 2023-07-05 12:00:17,206 Watching for file changes with StatReloader
INFO 2023-07-05 12:00:22,662 D:\new code\projectsql\app\views.py changed, reloading.
INFO 2023-07-05 12:00:23,851 Watching for file changes with StatReloader
INFO 2023-07-05 12:01:59,448 D:\new code\projectsql\app\views.py changed, reloading.
INFO 2023-07-05 12:02:00,590 Watching for file changes with StatReloader
INFO 2023-07-05 12:02:02,904 D:\new code\projectsql\app\views.py changed, reloading.
INFO 2023-07-05 12:02:04,040 Watching for file changes with StatReloader
INFO 2023-07-05 12:02:06,297 D:\new code\projectsql\app\views.py changed, reloading.
INFO 2023-07-05 12:02:07,492 Watching for file changes with StatReloader
INFO 2023-07-05 12:02:36,604 Retrieve the All data
INFO 2023-07-05 12:02:36,605 "GET /marks HTTP/1.1" 200 1446
INFO 2023-07-05 12:03:18,510 D:\new code\projectsql\app\views.py changed, reloading.
INFO 2023-07-05 12:03:19,668 Watching for file changes with StatReloader
INFO 2023-07-05 12:03:23,307 D:\new code\projectsql\app\views.py changed, reloading.
INFO 2023-07-05 12:03:24,857 Watching for file changes with StatReloader
INFO 2023-07-05 12:03:31,477 D:\new code\projectsql\app\views.py changed, reloading.
INFO 2023-07-05 12:03:32,652 Watching for file changes with StatReloader
INFO 2023-07-05 12:03:47,961 D:\new code\projectsql\app\views.py changed, reloading.
INFO 2023-07-05 12:03:49,273 Watching for file changes with StatReloader
INFO 2023-07-05 12:03:52,747 D:\new code\projectsql\app\views.py changed, reloading.
INFO 2023-07-05 12:03:54,031 Watching for file changes with StatReloader
INFO 2023-07-05 12:03:58,428 D:\new code\projectsql\app\views.py changed, reloading.
INFO 2023-07-05 12:03:59,619 Watching for file changes with StatReloader
INFO 2023-07-05 12:04:04,153 D:\new code\projectsql\app\views.py changed, reloading.
INFO 2023-07-05 12:04:05,415 Watching for file changes with StatReloader
INFO 2023-07-05 12:04:09,070 Retrieve the All data
INFO 2023-07-05 12:04:09,072 "GET /marks HTTP/1.1" 200 1566
INFO 2023-07-05 12:10:43,282 D:\new code\projectsql\app\views.py changed, reloading.
INFO 2023-07-05 12:10:44,472 Watching for file changes with StatReloader
INFO 2023-07-05 12:10:46,688 D:\new code\projectsql\app\views.py changed, reloading.
INFO 2023-07-05 12:10:47,835 Watching for file changes with StatReloader
INFO 2023-07-05 12:10:57,719 D:\new code\projectsql\app\views.py changed, reloading.
INFO 2023-07-05 12:10:59,081 Watching for file changes with StatReloader
INFO 2023-07-05 12:11:02,546 D:\new code\projectsql\app\views.py changed, reloading.
INFO 2023-07-05 12:11:03,731 Watching for file changes with StatReloader
INFO 2023-07-05 12:11:08,282 D:\new code\projectsql\app\views.py changed, reloading.
INFO 2023-07-05 12:11:09,749 Watching for file changes with StatReloader
INFO 2023-07-05 12:11:12,274 D:\new code\projectsql\app\views.py changed, reloading.
INFO 2023-07-05 12:11:13,357 Watching for file changes with StatReloader
INFO 2023-07-05 12:11:21,133 D:\new code\projectsql\app\views.py changed, reloading.
INFO 2023-07-05 12:11:22,299 Watching for file changes with StatReloader
INFO 2023-07-05 12:11:29,559 "GET /marks/1234567891 HTTP/1.1" 301 0
INFO 2023-07-05 12:11:29,572 "GET /marks/1234567891/ HTTP/1.1" 200 195
INFO 2023-07-05 12:12:01,202 Retrieve the Highest marks data
INFO 2023-07-05 12:12:01,204 "GET /highest HTTP/1.1" 200 177
INFO 2023-07-05 12:12:33,366 D:\new code\projectsql\app\views.py changed, reloading.
INFO 2023-07-05 12:12:34,584 Watching for file changes with StatReloader
INFO 2023-07-05 12:12:40,143 D:\new code\projectsql\app\views.py changed, reloading.
INFO 2023-07-05 12:12:41,234 Watching for file changes with StatReloader
INFO 2023-07-05 12:12:55,325 D:\new code\projectsql\app\views.py changed, reloading.
INFO 2023-07-05 12:12:56,581 Watching for file changes with StatReloader
INFO 2023-07-05 12:13:03,682 "GET /marks/1234567891 HTTP/1.1" 301 0
INFO 2023-07-05 12:13:03,693 Retrieve the Hall_ticket based data
INFO 2023-07-05 12:13:03,694 "GET /marks/1234567891/ HTTP/1.1" 200 195
INFO 2023-07-05 12:14:36,952 D:\new code\projectsql\app\views.py changed, reloading.
INFO 2023-07-05 12:14:38,125 Watching for file changes with StatReloader
INFO 2023-07-05 12:14:40,438 D:\new code\projectsql\app\views.py changed, reloading.
INFO 2023-07-05 12:14:41,543 Watching for file changes with StatReloader
INFO 2023-07-05 12:14:50,283 D:\new code\projectsql\app\views.py changed, reloading.
INFO 2023-07-05 12:14:51,479 Watching for file changes with StatReloader
INFO 2023-07-05 12:15:06,948 D:\new code\projectsql\app\views.py changed, reloading.
INFO 2023-07-05 12:15:08,386 Watching for file changes with StatReloader
INFO 2023-07-05 12:15:14,421 D:\new code\projectsql\app\views.py changed, reloading.
INFO 2023-07-05 12:15:15,626 Watching for file changes with StatReloader
INFO 2023-07-05 12:15:22,297 D:\new code\projectsql\app\views.py changed, reloading.
INFO 2023-07-05 12:15:23,495 Watching for file changes with StatReloader
INFO 2023-07-05 12:15:39,067 Get the data based on the Rank wise
INFO 2023-07-05 12:15:39,069 "GET /rank HTTP/1.1" 200 495
INFO 2023-07-05 12:16:20,412 D:\new code\projectsql\app\views.py changed, reloading.
INFO 2023-07-05 12:16:21,640 Watching for file changes with StatReloader
INFO 2023-07-05 12:16:25,091 D:\new code\projectsql\app\views.py changed, reloading.
INFO 2023-07-05 12:16:26,303 Watching for file changes with StatReloader
INFO 2023-07-05 12:16:36,422 D:\new code\projectsql\app\views.py changed, reloading.
INFO 2023-07-05 12:16:37,539 Watching for file changes with StatReloader
INFO 2023-07-05 12:17:09,028 D:\new code\projectsql\app\views.py changed, reloading.
INFO 2023-07-05 12:17:10,383 Watching for file changes with StatReloader
INFO 2023-07-05 12:17:24,944 D:\new code\projectsql\app\views.py changed, reloading.
INFO 2023-07-05 12:17:26,664 Watching for file changes with StatReloader
INFO 2023-07-05 12:17:54,438 "GET /get/G HTTP/1.1" 301 0
INFO 2023-07-05 12:17:54,458 Get the Data Based on 
INFO 2023-07-05 12:17:54,461 "GET /get/G/ HTTP/1.1" 200 2
INFO 2023-07-05 12:17:57,777 "GET /get/F HTTP/1.1" 301 0
INFO 2023-07-05 12:17:57,791 Get the Data Based on 
INFO 2023-07-05 12:17:57,794 "GET /get/F/ HTTP/1.1" 200 522
INFO 2023-07-05 12:18:16,559 "GET /get/M HTTP/1.1" 301 0
INFO 2023-07-05 12:18:16,573 Get the Data Based on 
INFO 2023-07-05 12:18:16,575 "GET /get/M/ HTTP/1.1" 200 846
INFO 2023-07-05 12:18:46,794 D:\new code\projectsql\app\views.py changed, reloading.
INFO 2023-07-05 12:18:48,346 Watching for file changes with StatReloader
INFO 2023-07-05 12:18:50,667 D:\new code\projectsql\app\views.py changed, reloading.
INFO 2023-07-05 12:18:52,234 Watching for file changes with StatReloader
INFO 2023-07-05 12:18:55,297 "GET /get/M HTTP/1.1" 301 0
INFO 2023-07-05 12:18:55,315 Get the Data Based on M/F
INFO 2023-07-05 12:18:55,316 "GET /get/M/ HTTP/1.1" 200 846
INFO 2023-07-05 14:05:39,232 Watching for file changes with StatReloader
INFO 2023-07-05 16:50:00,903 Watching for file changes with StatReloader
INFO 2023-07-05 16:50:41,153 Retrieve the Hall_ticket based data
INFO 2023-07-05 16:50:41,155 "GET /marks/1234567812/ HTTP/1.1" 200 2
INFO 2023-07-05 16:50:48,780 "GET /marks/1234567892 HTTP/1.1" 301 0
INFO 2023-07-05 16:50:48,788 Retrieve the Hall_ticket based data
INFO 2023-07-05 16:50:48,789 "GET /marks/1234567892/ HTTP/1.1" 200 192
INFO 2023-07-05 16:51:40,297 "GET /get/F HTTP/1.1" 301 0
INFO 2023-07-05 16:51:40,307 Get the Data Based on M/F
INFO 2023-07-05 16:51:40,308 "GET /get/F/ HTTP/1.1" 200 522
INFO 2023-07-05 16:52:04,141 "GET /get/M HTTP/1.1" 301 0
INFO 2023-07-05 16:52:04,152 Get the Data Based on M/F
INFO 2023-07-05 16:52:04,153 "GET /get/M/ HTTP/1.1" 200 846
INFO 2023-07-05 16:52:28,861 "GET /get/G HTTP/1.1" 301 0
INFO 2023-07-05 16:52:28,867 Get the Data Based on M/F
INFO 2023-07-05 16:52:28,868 "GET /get/G/ HTTP/1.1" 200 2
INFO 2023-07-05 17:13:37,454 Watching for file changes with StatReloader
INFO 2023-07-05 23:40:44,889 Watching for file changes with StatReloader
INFO 2023-07-06 00:10:19,285 Watching for file changes with StatReloader
WARNING 2023-07-06 00:10:27,932 Not Found: /
WARNING 2023-07-06 00:10:27,933 "GET / HTTP/1.1" 404 3430
INFO 2023-07-06 00:10:31,504 "GET /swagger HTTP/1.1" 301 0
INFO 2023-07-06 00:10:31,542 "GET /swagger/ HTTP/1.1" 200 2155
INFO 2023-07-06 00:10:32,113 "GET /static/drf-yasg/style.css HTTP/1.1" 200 1047
INFO 2023-07-06 00:10:32,128 "GET /static/drf-yasg/swagger-ui-dist/swagger-ui-standalone-preset.js HTTP/1.1" 200 324275
INFO 2023-07-06 00:10:32,135 "GET /static/drf-yasg/swagger-ui-dist/swagger-ui.css HTTP/1.1" 200 143858
INFO 2023-07-06 00:10:32,144 "GET /static/drf-yasg/insQ.min.js HTTP/1.1" 200 2093
INFO 2023-07-06 00:10:32,155 "GET /static/drf-yasg/swagger-ui-dist/swagger-ui-bundle.js HTTP/1.1" 200 1086481
INFO 2023-07-06 00:10:32,168 "GET /static/drf-yasg/immutable.min.js HTTP/1.1" 200 56904
INFO 2023-07-06 00:10:32,169 "GET /static/drf-yasg/swagger-ui-init.js HTTP/1.1" 200 14964
ERROR 2023-07-06 00:10:32,508 Internal Server Error: /swagger/
Traceback (most recent call last):
  File "D:\new code\projectsql\venv\Lib\site-packages\django\utils\module_loading.py", line 30, in import_string
    return cached_import(module_path, class_name)
           ^^^^^^^^^^^^^^^^^^^^^^^^^^^^^^^^^^^^^^
  File "D:\new code\projectsql\venv\Lib\site-packages\django\utils\module_loading.py", line 16, in cached_import
    return getattr(module, class_name)
           ^^^^^^^^^^^^^^^^^^^^^^^^^^^
AttributeError: module 'drf_yasg.openapi' has no attribute 'AutoSchema'

The above exception was the direct cause of the following exception:

Traceback (most recent call last):
  File "D:\new code\projectsql\venv\Lib\site-packages\rest_framework\settings.py", line 177, in import_from_string
    return import_string(val)
           ^^^^^^^^^^^^^^^^^^
  File "D:\new code\projectsql\venv\Lib\site-packages\django\utils\module_loading.py", line 32, in import_string
    raise ImportError(
ImportError: Module "drf_yasg.openapi" does not define a "AutoSchema" attribute/class

During handling of the above exception, another exception occurred:

Traceback (most recent call last):
  File "D:\new code\projectsql\venv\Lib\site-packages\django\core\handlers\exception.py", line 56, in inner
    response = get_response(request)
               ^^^^^^^^^^^^^^^^^^^^^
  File "D:\new code\projectsql\venv\Lib\site-packages\django\core\handlers\base.py", line 197, in _get_response
    response = wrapped_callback(request, *callback_args, **callback_kwargs)
               ^^^^^^^^^^^^^^^^^^^^^^^^^^^^^^^^^^^^^^^^^^^^^^^^^^^^^^^^^^^^
  File "D:\new code\projectsql\venv\Lib\site-packages\django\views\decorators\csrf.py", line 55, in wrapped_view
    return view_func(*args, **kwargs)
           ^^^^^^^^^^^^^^^^^^^^^^^^^^
  File "D:\new code\projectsql\venv\Lib\site-packages\django\views\generic\base.py", line 103, in view
    return self.dispatch(request, *args, **kwargs)
           ^^^^^^^^^^^^^^^^^^^^^^^^^^^^^^^^^^^^^^^
  File "D:\new code\projectsql\venv\Lib\site-packages\rest_framework\views.py", line 509, in dispatch
    response = self.handle_exception(exc)
               ^^^^^^^^^^^^^^^^^^^^^^^^^^
  File "D:\new code\projectsql\venv\Lib\site-packages\rest_framework\views.py", line 469, in handle_exception
    self.raise_uncaught_exception(exc)
  File "D:\new code\projectsql\venv\Lib\site-packages\rest_framework\views.py", line 480, in raise_uncaught_exception
    raise exc
  File "D:\new code\projectsql\venv\Lib\site-packages\rest_framework\views.py", line 506, in dispatch
    response = handler(request, *args, **kwargs)
               ^^^^^^^^^^^^^^^^^^^^^^^^^^^^^^^^^
  File "D:\new code\projectsql\venv\Lib\site-packages\drf_yasg\views.py", line 94, in get
    schema = generator.get_schema(request, self.public)
             ^^^^^^^^^^^^^^^^^^^^^^^^^^^^^^^^^^^^^^^^^^
  File "D:\new code\projectsql\venv\Lib\site-packages\drf_yasg\generators.py", line 248, in get_schema
    paths, prefix = self.get_paths(endpoints, components, request, public)
                    ^^^^^^^^^^^^^^^^^^^^^^^^^^^^^^^^^^^^^^^^^^^^^^^^^^^^^^
  File "D:\new code\projectsql\venv\Lib\site-packages\drf_yasg\generators.py", line 406, in get_paths
    operation = self.get_operation(view, path, prefix, method, components, request)
                ^^^^^^^^^^^^^^^^^^^^^^^^^^^^^^^^^^^^^^^^^^^^^^^^^^^^^^^^^^^^^^^^^^^
  File "D:\new code\projectsql\venv\Lib\site-packages\drf_yasg\generators.py", line 438, in get_operation
    view_inspector_cls = swagger_settings.DEFAULT_AUTO_SCHEMA_CLASS
                         ^^^^^^^^^^^^^^^^^^^^^^^^^^^^^^^^^^^^^^^^^^
  File "D:\new code\projectsql\venv\Lib\site-packages\drf_yasg\app_settings.py", line 122, in __getattr__
    val = perform_import(val, attr)
          ^^^^^^^^^^^^^^^^^^^^^^^^^
  File "D:\new code\projectsql\venv\Lib\site-packages\rest_framework\settings.py", line 166, in perform_import
    return import_from_string(val, setting_name)
           ^^^^^^^^^^^^^^^^^^^^^^^^^^^^^^^^^^^^^
  File "D:\new code\projectsql\venv\Lib\site-packages\rest_framework\settings.py", line 180, in import_from_string
    raise ImportError(msg)
ImportError: Could not import 'drf_yasg.openapi.AutoSchema' for API setting 'DEFAULT_AUTO_SCHEMA_CLASS'. ImportError: Module "drf_yasg.openapi" does not define a "AutoSchema" attribute/class.
ERROR 2023-07-06 00:10:32,545 "GET /swagger/?format=openapi HTTP/1.1" 500 144822
INFO 2023-07-06 00:10:33,519 "GET /static/drf-yasg/swagger-ui-dist/favicon-32x32.png HTTP/1.1" 200 628
ERROR 2023-07-06 00:10:42,680 Internal Server Error: /swagger/
Traceback (most recent call last):
  File "D:\new code\projectsql\venv\Lib\site-packages\django\utils\module_loading.py", line 30, in import_string
    return cached_import(module_path, class_name)
           ^^^^^^^^^^^^^^^^^^^^^^^^^^^^^^^^^^^^^^
  File "D:\new code\projectsql\venv\Lib\site-packages\django\utils\module_loading.py", line 16, in cached_import
    return getattr(module, class_name)
           ^^^^^^^^^^^^^^^^^^^^^^^^^^^
AttributeError: module 'drf_yasg.openapi' has no attribute 'AutoSchema'

The above exception was the direct cause of the following exception:

Traceback (most recent call last):
  File "D:\new code\projectsql\venv\Lib\site-packages\rest_framework\settings.py", line 177, in import_from_string
    return import_string(val)
           ^^^^^^^^^^^^^^^^^^
  File "D:\new code\projectsql\venv\Lib\site-packages\django\utils\module_loading.py", line 32, in import_string
    raise ImportError(
ImportError: Module "drf_yasg.openapi" does not define a "AutoSchema" attribute/class

During handling of the above exception, another exception occurred:

Traceback (most recent call last):
  File "D:\new code\projectsql\venv\Lib\site-packages\django\core\handlers\exception.py", line 56, in inner
    response = get_response(request)
               ^^^^^^^^^^^^^^^^^^^^^
  File "D:\new code\projectsql\venv\Lib\site-packages\django\core\handlers\base.py", line 197, in _get_response
    response = wrapped_callback(request, *callback_args, **callback_kwargs)
               ^^^^^^^^^^^^^^^^^^^^^^^^^^^^^^^^^^^^^^^^^^^^^^^^^^^^^^^^^^^^
  File "D:\new code\projectsql\venv\Lib\site-packages\django\views\decorators\csrf.py", line 55, in wrapped_view
    return view_func(*args, **kwargs)
           ^^^^^^^^^^^^^^^^^^^^^^^^^^
  File "D:\new code\projectsql\venv\Lib\site-packages\django\views\generic\base.py", line 103, in view
    return self.dispatch(request, *args, **kwargs)
           ^^^^^^^^^^^^^^^^^^^^^^^^^^^^^^^^^^^^^^^
  File "D:\new code\projectsql\venv\Lib\site-packages\rest_framework\views.py", line 509, in dispatch
    response = self.handle_exception(exc)
               ^^^^^^^^^^^^^^^^^^^^^^^^^^
  File "D:\new code\projectsql\venv\Lib\site-packages\rest_framework\views.py", line 469, in handle_exception
    self.raise_uncaught_exception(exc)
  File "D:\new code\projectsql\venv\Lib\site-packages\rest_framework\views.py", line 480, in raise_uncaught_exception
    raise exc
  File "D:\new code\projectsql\venv\Lib\site-packages\rest_framework\views.py", line 506, in dispatch
    response = handler(request, *args, **kwargs)
               ^^^^^^^^^^^^^^^^^^^^^^^^^^^^^^^^^
  File "D:\new code\projectsql\venv\Lib\site-packages\drf_yasg\views.py", line 94, in get
    schema = generator.get_schema(request, self.public)
             ^^^^^^^^^^^^^^^^^^^^^^^^^^^^^^^^^^^^^^^^^^
  File "D:\new code\projectsql\venv\Lib\site-packages\drf_yasg\generators.py", line 248, in get_schema
    paths, prefix = self.get_paths(endpoints, components, request, public)
                    ^^^^^^^^^^^^^^^^^^^^^^^^^^^^^^^^^^^^^^^^^^^^^^^^^^^^^^
  File "D:\new code\projectsql\venv\Lib\site-packages\drf_yasg\generators.py", line 406, in get_paths
    operation = self.get_operation(view, path, prefix, method, components, request)
                ^^^^^^^^^^^^^^^^^^^^^^^^^^^^^^^^^^^^^^^^^^^^^^^^^^^^^^^^^^^^^^^^^^^
  File "D:\new code\projectsql\venv\Lib\site-packages\drf_yasg\generators.py", line 438, in get_operation
    view_inspector_cls = swagger_settings.DEFAULT_AUTO_SCHEMA_CLASS
                         ^^^^^^^^^^^^^^^^^^^^^^^^^^^^^^^^^^^^^^^^^^
  File "D:\new code\projectsql\venv\Lib\site-packages\drf_yasg\app_settings.py", line 122, in __getattr__
    val = perform_import(val, attr)
          ^^^^^^^^^^^^^^^^^^^^^^^^^
  File "D:\new code\projectsql\venv\Lib\site-packages\rest_framework\settings.py", line 166, in perform_import
    return import_from_string(val, setting_name)
           ^^^^^^^^^^^^^^^^^^^^^^^^^^^^^^^^^^^^^
  File "D:\new code\projectsql\venv\Lib\site-packages\rest_framework\settings.py", line 180, in import_from_string
    raise ImportError(msg)
ImportError: Could not import 'drf_yasg.openapi.AutoSchema' for API setting 'DEFAULT_AUTO_SCHEMA_CLASS'. ImportError: Module "drf_yasg.openapi" does not define a "AutoSchema" attribute/class.
ERROR 2023-07-06 00:10:42,703 "GET /swagger/?format=openapi HTTP/1.1" 500 144548
ERROR 2023-07-06 00:10:43,665 Internal Server Error: /swagger/
Traceback (most recent call last):
  File "D:\new code\projectsql\venv\Lib\site-packages\django\utils\module_loading.py", line 30, in import_string
    return cached_import(module_path, class_name)
           ^^^^^^^^^^^^^^^^^^^^^^^^^^^^^^^^^^^^^^
  File "D:\new code\projectsql\venv\Lib\site-packages\django\utils\module_loading.py", line 16, in cached_import
    return getattr(module, class_name)
           ^^^^^^^^^^^^^^^^^^^^^^^^^^^
AttributeError: module 'drf_yasg.openapi' has no attribute 'AutoSchema'

The above exception was the direct cause of the following exception:

Traceback (most recent call last):
  File "D:\new code\projectsql\venv\Lib\site-packages\rest_framework\settings.py", line 177, in import_from_string
    return import_string(val)
           ^^^^^^^^^^^^^^^^^^
  File "D:\new code\projectsql\venv\Lib\site-packages\django\utils\module_loading.py", line 32, in import_string
    raise ImportError(
ImportError: Module "drf_yasg.openapi" does not define a "AutoSchema" attribute/class

During handling of the above exception, another exception occurred:

Traceback (most recent call last):
  File "D:\new code\projectsql\venv\Lib\site-packages\django\core\handlers\exception.py", line 56, in inner
    response = get_response(request)
               ^^^^^^^^^^^^^^^^^^^^^
  File "D:\new code\projectsql\venv\Lib\site-packages\django\core\handlers\base.py", line 197, in _get_response
    response = wrapped_callback(request, *callback_args, **callback_kwargs)
               ^^^^^^^^^^^^^^^^^^^^^^^^^^^^^^^^^^^^^^^^^^^^^^^^^^^^^^^^^^^^
  File "D:\new code\projectsql\venv\Lib\site-packages\django\views\decorators\csrf.py", line 55, in wrapped_view
    return view_func(*args, **kwargs)
           ^^^^^^^^^^^^^^^^^^^^^^^^^^
  File "D:\new code\projectsql\venv\Lib\site-packages\django\views\generic\base.py", line 103, in view
    return self.dispatch(request, *args, **kwargs)
           ^^^^^^^^^^^^^^^^^^^^^^^^^^^^^^^^^^^^^^^
  File "D:\new code\projectsql\venv\Lib\site-packages\rest_framework\views.py", line 509, in dispatch
    response = self.handle_exception(exc)
               ^^^^^^^^^^^^^^^^^^^^^^^^^^
  File "D:\new code\projectsql\venv\Lib\site-packages\rest_framework\views.py", line 469, in handle_exception
    self.raise_uncaught_exception(exc)
  File "D:\new code\projectsql\venv\Lib\site-packages\rest_framework\views.py", line 480, in raise_uncaught_exception
    raise exc
  File "D:\new code\projectsql\venv\Lib\site-packages\rest_framework\views.py", line 506, in dispatch
    response = handler(request, *args, **kwargs)
               ^^^^^^^^^^^^^^^^^^^^^^^^^^^^^^^^^
  File "D:\new code\projectsql\venv\Lib\site-packages\drf_yasg\views.py", line 94, in get
    schema = generator.get_schema(request, self.public)
             ^^^^^^^^^^^^^^^^^^^^^^^^^^^^^^^^^^^^^^^^^^
  File "D:\new code\projectsql\venv\Lib\site-packages\drf_yasg\generators.py", line 248, in get_schema
    paths, prefix = self.get_paths(endpoints, components, request, public)
                    ^^^^^^^^^^^^^^^^^^^^^^^^^^^^^^^^^^^^^^^^^^^^^^^^^^^^^^
  File "D:\new code\projectsql\venv\Lib\site-packages\drf_yasg\generators.py", line 406, in get_paths
    operation = self.get_operation(view, path, prefix, method, components, request)
                ^^^^^^^^^^^^^^^^^^^^^^^^^^^^^^^^^^^^^^^^^^^^^^^^^^^^^^^^^^^^^^^^^^^
  File "D:\new code\projectsql\venv\Lib\site-packages\drf_yasg\generators.py", line 438, in get_operation
    view_inspector_cls = swagger_settings.DEFAULT_AUTO_SCHEMA_CLASS
                         ^^^^^^^^^^^^^^^^^^^^^^^^^^^^^^^^^^^^^^^^^^
  File "D:\new code\projectsql\venv\Lib\site-packages\drf_yasg\app_settings.py", line 122, in __getattr__
    val = perform_import(val, attr)
          ^^^^^^^^^^^^^^^^^^^^^^^^^
  File "D:\new code\projectsql\venv\Lib\site-packages\rest_framework\settings.py", line 166, in perform_import
    return import_from_string(val, setting_name)
           ^^^^^^^^^^^^^^^^^^^^^^^^^^^^^^^^^^^^^
  File "D:\new code\projectsql\venv\Lib\site-packages\rest_framework\settings.py", line 180, in import_from_string
    raise ImportError(msg)
ImportError: Could not import 'drf_yasg.openapi.AutoSchema' for API setting 'DEFAULT_AUTO_SCHEMA_CLASS'. ImportError: Module "drf_yasg.openapi" does not define a "AutoSchema" attribute/class.
ERROR 2023-07-06 00:10:43,689 "GET /swagger/?format=openapi HTTP/1.1" 500 144548
ERROR 2023-07-06 00:10:43,804 Internal Server Error: /swagger/
Traceback (most recent call last):
  File "D:\new code\projectsql\venv\Lib\site-packages\django\utils\module_loading.py", line 30, in import_string
    return cached_import(module_path, class_name)
           ^^^^^^^^^^^^^^^^^^^^^^^^^^^^^^^^^^^^^^
  File "D:\new code\projectsql\venv\Lib\site-packages\django\utils\module_loading.py", line 16, in cached_import
    return getattr(module, class_name)
           ^^^^^^^^^^^^^^^^^^^^^^^^^^^
AttributeError: module 'drf_yasg.openapi' has no attribute 'AutoSchema'

The above exception was the direct cause of the following exception:

Traceback (most recent call last):
  File "D:\new code\projectsql\venv\Lib\site-packages\rest_framework\settings.py", line 177, in import_from_string
    return import_string(val)
           ^^^^^^^^^^^^^^^^^^
  File "D:\new code\projectsql\venv\Lib\site-packages\django\utils\module_loading.py", line 32, in import_string
    raise ImportError(
ImportError: Module "drf_yasg.openapi" does not define a "AutoSchema" attribute/class

During handling of the above exception, another exception occurred:

Traceback (most recent call last):
  File "D:\new code\projectsql\venv\Lib\site-packages\django\core\handlers\exception.py", line 56, in inner
    response = get_response(request)
               ^^^^^^^^^^^^^^^^^^^^^
  File "D:\new code\projectsql\venv\Lib\site-packages\django\core\handlers\base.py", line 197, in _get_response
    response = wrapped_callback(request, *callback_args, **callback_kwargs)
               ^^^^^^^^^^^^^^^^^^^^^^^^^^^^^^^^^^^^^^^^^^^^^^^^^^^^^^^^^^^^
  File "D:\new code\projectsql\venv\Lib\site-packages\django\views\decorators\csrf.py", line 55, in wrapped_view
    return view_func(*args, **kwargs)
           ^^^^^^^^^^^^^^^^^^^^^^^^^^
  File "D:\new code\projectsql\venv\Lib\site-packages\django\views\generic\base.py", line 103, in view
    return self.dispatch(request, *args, **kwargs)
           ^^^^^^^^^^^^^^^^^^^^^^^^^^^^^^^^^^^^^^^
  File "D:\new code\projectsql\venv\Lib\site-packages\rest_framework\views.py", line 509, in dispatch
    response = self.handle_exception(exc)
               ^^^^^^^^^^^^^^^^^^^^^^^^^^
  File "D:\new code\projectsql\venv\Lib\site-packages\rest_framework\views.py", line 469, in handle_exception
    self.raise_uncaught_exception(exc)
  File "D:\new code\projectsql\venv\Lib\site-packages\rest_framework\views.py", line 480, in raise_uncaught_exception
    raise exc
  File "D:\new code\projectsql\venv\Lib\site-packages\rest_framework\views.py", line 506, in dispatch
    response = handler(request, *args, **kwargs)
               ^^^^^^^^^^^^^^^^^^^^^^^^^^^^^^^^^
  File "D:\new code\projectsql\venv\Lib\site-packages\drf_yasg\views.py", line 94, in get
    schema = generator.get_schema(request, self.public)
             ^^^^^^^^^^^^^^^^^^^^^^^^^^^^^^^^^^^^^^^^^^
  File "D:\new code\projectsql\venv\Lib\site-packages\drf_yasg\generators.py", line 248, in get_schema
    paths, prefix = self.get_paths(endpoints, components, request, public)
                    ^^^^^^^^^^^^^^^^^^^^^^^^^^^^^^^^^^^^^^^^^^^^^^^^^^^^^^
  File "D:\new code\projectsql\venv\Lib\site-packages\drf_yasg\generators.py", line 406, in get_paths
    operation = self.get_operation(view, path, prefix, method, components, request)
                ^^^^^^^^^^^^^^^^^^^^^^^^^^^^^^^^^^^^^^^^^^^^^^^^^^^^^^^^^^^^^^^^^^^
  File "D:\new code\projectsql\venv\Lib\site-packages\drf_yasg\generators.py", line 438, in get_operation
    view_inspector_cls = swagger_settings.DEFAULT_AUTO_SCHEMA_CLASS
                         ^^^^^^^^^^^^^^^^^^^^^^^^^^^^^^^^^^^^^^^^^^
  File "D:\new code\projectsql\venv\Lib\site-packages\drf_yasg\app_settings.py", line 122, in __getattr__
    val = perform_import(val, attr)
          ^^^^^^^^^^^^^^^^^^^^^^^^^
  File "D:\new code\projectsql\venv\Lib\site-packages\rest_framework\settings.py", line 166, in perform_import
    return import_from_string(val, setting_name)
           ^^^^^^^^^^^^^^^^^^^^^^^^^^^^^^^^^^^^^
  File "D:\new code\projectsql\venv\Lib\site-packages\rest_framework\settings.py", line 180, in import_from_string
    raise ImportError(msg)
ImportError: Could not import 'drf_yasg.openapi.AutoSchema' for API setting 'DEFAULT_AUTO_SCHEMA_CLASS'. ImportError: Module "drf_yasg.openapi" does not define a "AutoSchema" attribute/class.
ERROR 2023-07-06 00:10:43,832 "GET /swagger/?format=openapi HTTP/1.1" 500 144548
ERROR 2023-07-06 00:10:44,013 Internal Server Error: /swagger/
Traceback (most recent call last):
  File "D:\new code\projectsql\venv\Lib\site-packages\django\utils\module_loading.py", line 30, in import_string
    return cached_import(module_path, class_name)
           ^^^^^^^^^^^^^^^^^^^^^^^^^^^^^^^^^^^^^^
  File "D:\new code\projectsql\venv\Lib\site-packages\django\utils\module_loading.py", line 16, in cached_import
    return getattr(module, class_name)
           ^^^^^^^^^^^^^^^^^^^^^^^^^^^
AttributeError: module 'drf_yasg.openapi' has no attribute 'AutoSchema'

The above exception was the direct cause of the following exception:

Traceback (most recent call last):
  File "D:\new code\projectsql\venv\Lib\site-packages\rest_framework\settings.py", line 177, in import_from_string
    return import_string(val)
           ^^^^^^^^^^^^^^^^^^
  File "D:\new code\projectsql\venv\Lib\site-packages\django\utils\module_loading.py", line 32, in import_string
    raise ImportError(
ImportError: Module "drf_yasg.openapi" does not define a "AutoSchema" attribute/class

During handling of the above exception, another exception occurred:

Traceback (most recent call last):
  File "D:\new code\projectsql\venv\Lib\site-packages\django\core\handlers\exception.py", line 56, in inner
    response = get_response(request)
               ^^^^^^^^^^^^^^^^^^^^^
  File "D:\new code\projectsql\venv\Lib\site-packages\django\core\handlers\base.py", line 197, in _get_response
    response = wrapped_callback(request, *callback_args, **callback_kwargs)
               ^^^^^^^^^^^^^^^^^^^^^^^^^^^^^^^^^^^^^^^^^^^^^^^^^^^^^^^^^^^^
  File "D:\new code\projectsql\venv\Lib\site-packages\django\views\decorators\csrf.py", line 55, in wrapped_view
    return view_func(*args, **kwargs)
           ^^^^^^^^^^^^^^^^^^^^^^^^^^
  File "D:\new code\projectsql\venv\Lib\site-packages\django\views\generic\base.py", line 103, in view
    return self.dispatch(request, *args, **kwargs)
           ^^^^^^^^^^^^^^^^^^^^^^^^^^^^^^^^^^^^^^^
  File "D:\new code\projectsql\venv\Lib\site-packages\rest_framework\views.py", line 509, in dispatch
    response = self.handle_exception(exc)
               ^^^^^^^^^^^^^^^^^^^^^^^^^^
  File "D:\new code\projectsql\venv\Lib\site-packages\rest_framework\views.py", line 469, in handle_exception
    self.raise_uncaught_exception(exc)
  File "D:\new code\projectsql\venv\Lib\site-packages\rest_framework\views.py", line 480, in raise_uncaught_exception
    raise exc
  File "D:\new code\projectsql\venv\Lib\site-packages\rest_framework\views.py", line 506, in dispatch
    response = handler(request, *args, **kwargs)
               ^^^^^^^^^^^^^^^^^^^^^^^^^^^^^^^^^
  File "D:\new code\projectsql\venv\Lib\site-packages\drf_yasg\views.py", line 94, in get
    schema = generator.get_schema(request, self.public)
             ^^^^^^^^^^^^^^^^^^^^^^^^^^^^^^^^^^^^^^^^^^
  File "D:\new code\projectsql\venv\Lib\site-packages\drf_yasg\generators.py", line 248, in get_schema
    paths, prefix = self.get_paths(endpoints, components, request, public)
                    ^^^^^^^^^^^^^^^^^^^^^^^^^^^^^^^^^^^^^^^^^^^^^^^^^^^^^^
  File "D:\new code\projectsql\venv\Lib\site-packages\drf_yasg\generators.py", line 406, in get_paths
    operation = self.get_operation(view, path, prefix, method, components, request)
                ^^^^^^^^^^^^^^^^^^^^^^^^^^^^^^^^^^^^^^^^^^^^^^^^^^^^^^^^^^^^^^^^^^^
  File "D:\new code\projectsql\venv\Lib\site-packages\drf_yasg\generators.py", line 438, in get_operation
    view_inspector_cls = swagger_settings.DEFAULT_AUTO_SCHEMA_CLASS
                         ^^^^^^^^^^^^^^^^^^^^^^^^^^^^^^^^^^^^^^^^^^
  File "D:\new code\projectsql\venv\Lib\site-packages\drf_yasg\app_settings.py", line 122, in __getattr__
    val = perform_import(val, attr)
          ^^^^^^^^^^^^^^^^^^^^^^^^^
  File "D:\new code\projectsql\venv\Lib\site-packages\rest_framework\settings.py", line 166, in perform_import
    return import_from_string(val, setting_name)
           ^^^^^^^^^^^^^^^^^^^^^^^^^^^^^^^^^^^^^
  File "D:\new code\projectsql\venv\Lib\site-packages\rest_framework\settings.py", line 180, in import_from_string
    raise ImportError(msg)
ImportError: Could not import 'drf_yasg.openapi.AutoSchema' for API setting 'DEFAULT_AUTO_SCHEMA_CLASS'. ImportError: Module "drf_yasg.openapi" does not define a "AutoSchema" attribute/class.
ERROR 2023-07-06 00:10:44,046 "GET /swagger/?format=openapi HTTP/1.1" 500 144548
INFO 2023-07-06 00:11:01,634 D:\new code\projectsql\projectsql\settings.py changed, reloading.
INFO 2023-07-06 00:11:08,711 Watching for file changes with StatReloader
INFO 2023-07-06 00:11:11,088 "GET /swagger/ HTTP/1.1" 200 2155
INFO 2023-07-06 00:11:11,199 "GET /swagger/?format=openapi HTTP/1.1" 200 1686
INFO 2023-07-06 00:11:26,763 Get the Data Based on M/F
INFO 2023-07-06 00:11:26,764 "GET /get/M/ HTTP/1.1" 200 846
INFO 2023-07-06 00:12:08,020 Get the data based on the Rank wise
INFO 2023-07-06 00:12:08,021 "GET /rank HTTP/1.1" 200 495
ERROR 2023-07-06 00:12:26,321 hall ticket already exists
WARNING 2023-07-06 00:12:26,323 Bad Request: /reg
WARNING 2023-07-06 00:12:26,324 "POST /reg HTTP/1.1" 400 248
ERROR 2023-07-06 00:12:28,728 hall ticket already exists
WARNING 2023-07-06 00:12:28,729 Bad Request: /reg
WARNING 2023-07-06 00:12:28,730 "POST /reg HTTP/1.1" 400 248
INFO 2023-07-06 00:12:39,233 D:\new code\projectsql\projectsql\settings.py changed, reloading.
INFO 2023-07-06 00:12:41,467 Watching for file changes with StatReloader
INFO 2023-07-06 00:13:53,968 D:\new code\projectsql\app\views.py changed, reloading.
INFO 2023-07-06 00:13:55,518 Watching for file changes with StatReloader
INFO 2023-07-06 00:14:33,056 D:\new code\projectsql\app\views.py changed, reloading.
INFO 2023-07-06 00:14:34,624 Watching for file changes with StatReloader
INFO 2023-07-06 00:14:38,168 D:\new code\projectsql\app\views.py changed, reloading.
INFO 2023-07-06 00:14:39,670 Watching for file changes with StatReloader
INFO 2023-07-06 00:14:52,353 "GET /swagger/ HTTP/1.1" 200 2155
INFO 2023-07-06 00:14:52,443 "GET /swagger/?format=openapi HTTP/1.1" 200 1904
INFO 2023-07-06 00:15:10,904 Get the data based on the Rank wise
INFO 2023-07-06 00:15:10,905 "GET /rank HTTP/1.1" 200 495
INFO 2023-07-06 00:15:31,826 Retrieve the Highest marks data
INFO 2023-07-06 00:15:31,828 "GET /highest HTTP/1.1" 200 177
ERROR 2023-07-06 00:15:58,126 Invalid password for user: 1234567892
WARNING 2023-07-06 00:15:58,127 Unauthorized: /marks/1234567892/
WARNING 2023-07-06 00:15:58,128 "GET /marks/1234567892/ HTTP/1.1" 401 31
ERROR 2023-07-06 00:16:11,316 Invalid password for user: 1234567891
WARNING 2023-07-06 00:16:11,317 Unauthorized: /marks/1234567891/
WARNING 2023-07-06 00:16:11,318 "GET /marks/1234567891/ HTTP/1.1" 401 31
INFO 2023-07-06 00:17:07,248 D:\new code\projectsql\app\views.py changed, reloading.
INFO 2023-07-06 00:17:08,891 Watching for file changes with StatReloader
INFO 2023-07-06 00:17:14,848 "GET /swagger/ HTTP/1.1" 200 2155
INFO 2023-07-06 00:17:14,941 "GET /swagger/?format=openapi HTTP/1.1" 200 1904
INFO 2023-07-06 00:17:24,725 Retrieve the hall_ticket based data
INFO 2023-07-06 00:17:24,727 "GET /marks/1234567891/ HTTP/1.1" 200 195
INFO 2023-07-06 00:17:38,206 Get the data based on the Rank wise
INFO 2023-07-06 00:17:38,206 "GET /rank HTTP/1.1" 200 495
INFO 2023-07-06 00:17:53,584 Retrieve the Highest marks data
INFO 2023-07-06 00:17:53,586 "GET /highest HTTP/1.1" 200 177
INFO 2023-07-06 00:19:13,038 D:\new code\projectsql\app\views.py changed, reloading.
INFO 2023-07-06 00:19:14,640 Watching for file changes with StatReloader
INFO 2023-07-06 00:19:16,914 D:\new code\projectsql\app\views.py changed, reloading.
INFO 2023-07-06 00:19:18,356 Watching for file changes with StatReloader
INFO 2023-07-06 00:19:23,953 D:\new code\projectsql\app\views.py changed, reloading.
INFO 2023-07-06 00:19:25,659 Watching for file changes with StatReloader
INFO 2023-07-06 00:19:31,368 D:\new code\projectsql\app\views.py changed, reloading.
INFO 2023-07-06 00:19:32,886 Watching for file changes with StatReloader
INFO 2023-07-06 00:19:37,570 "GET /swagger/ HTTP/1.1" 200 2155
INFO 2023-07-06 00:19:37,665 "GET /swagger/?format=openapi HTTP/1.1" 200 2270
INFO 2023-07-06 00:21:51,560 D:\new code\projectsql\app\views.py changed, reloading.
INFO 2023-07-06 00:21:53,315 Watching for file changes with StatReloader
